<?xml version="1.0" encoding="UTF-8"?>
<!-- Generated by org.testng.reporters.JUnitReportReporter -->
<testsuite hostname="sairepal-5CG5092X54" failures="0" tests="1" name="dropDown.FacebookMonthList1" time="5.023" errors="0" timestamp="2025-07-25T15:45:29 IST" skipped="0">
  <testcase classname="dropDown.FacebookMonthList1" name="faceBookMonth" time="5.023"/>
</testsuite> <!-- dropDown.FacebookMonthList1 -->
