<?xml version="1.0" encoding="UTF-8"?>
<!-- Generated by org.testng.reporters.JUnitReportReporter -->
<testsuite hostname="sairepal-5CG5092X54" failures="0" tests="1" name="dropDown.Facebook" time="21.462" errors="0" timestamp="2025-07-25T15:26:56 IST" skipped="0">
  <testcase classname="dropDown.Facebook" name="FBlaunch" time="21.462"/>
</testsuite> <!-- dropDown.Facebook -->
