<?xml version="1.0" encoding="UTF-8"?>
<!-- Generated by org.testng.reporters.JUnitReportReporter -->
<testsuite hostname="sairepal-5CG5092X54" failures="0" tests="1" name="locatorsDemo.LinkTextAndPartialLink" time="34.777" errors="0" timestamp="2025-07-25T15:03:46 IST" skipped="0">
  <testcase classname="locatorsDemo.LinkTextAndPartialLink" name="linkTest" time="34.777"/>
</testsuite> <!-- locatorsDemo.LinkTextAndPartialLink -->
