<?xml version="1.0" encoding="UTF-8"?>
<!-- Generated by org.testng.reporters.JUnitReportReporter -->
<testsuite hostname="sairepal-5CG5092X54" failures="0" tests="1" name="locatorsDemo.DemoID" time="5.621" errors="0" timestamp="2025-07-25T12:16:41 IST" skipped="0">
  <testcase classname="locatorsDemo.DemoID" name="DemoTestID" time="5.621"/>
</testsuite> <!-- locatorsDemo.DemoID -->
