<?xml version="1.0" encoding="UTF-8"?>
<!-- Generated by org.testng.reporters.JUnitReportReporter -->
<testsuite hostname="sairepal-5CG5092X54" failures="0" tests="1" name="screenShotDemo.TestScreenShots1" time="10.986" errors="0" timestamp="2025-07-28T14:33:56 IST" skipped="0">
  <testcase classname="screenShotDemo.TestScreenShots1" name="Browser" time="10.986"/>
</testsuite> <!-- screenShotDemo.TestScreenShots1 -->
