<?xml version="1.0" encoding="UTF-8"?>
<!-- Generated by org.testng.reporters.JUnitReportReporter -->
<testsuite hostname="sairepal-5CG5092X54" failures="0" tests="1" name="ScreenshotTest.TestScreenShots" time="6.206" errors="0" timestamp="2025-07-28T14:21:54 IST" skipped="0">
  <testcase classname="ScreenshotTest.TestScreenShots" name="Browser" time="6.206"/>
</testsuite> <!-- ScreenshotTest.TestScreenShots -->
