<?xml version="1.0" encoding="UTF-8"?>
<!-- Generated by org.testng.reporters.JUnitReportReporter -->
<testsuite hostname="sairepal-5CG5092X54" failures="0" tests="1" name="ReadExcelData.DDTCasestudy" time="52.363" errors="0" timestamp="2025-07-28T12:55:15 IST" skipped="0">
  <testcase classname="ReadExcelData.DDTCasestudy" name="locatorsTestingBlog" time="52.363"/>
</testsuite> <!-- ReadExcelData.DDTCasestudy -->
