<?xml version="1.0" encoding="UTF-8"?>
<!-- Generated by org.testng.reporters.JUnitReportReporter -->
<testsuite hostname="sairepal-5CG5092X54" failures="0" tests="1" name="HandlingAlerts.Testing" time="7.992" errors="0" timestamp="2025-07-25T17:29:20 IST" skipped="0">
  <testcase classname="HandlingAlerts.Testing" name="TestPopups" time="7.992"/>
</testsuite> <!-- HandlingAlerts.Testing -->
