<?xml version="1.0" encoding="UTF-8"?>
<!-- Generated by org.testng.reporters.JUnitReportReporter -->
<testsuite hostname="sairepal-5CG5092X54" failures="0" tests="1" name="HandlingAlerts.DemoAlerts" time="12.091" errors="0" timestamp="2025-07-25T17:22:55 IST" skipped="0">
  <testcase classname="HandlingAlerts.DemoAlerts" name="TestPopups" time="12.091"/>
</testsuite> <!-- HandlingAlerts.DemoAlerts -->
