<?xml version="1.0" encoding="UTF-8"?>
<!-- Generated by org.testng.reporters.JUnitReportReporter -->
<testsuite hostname="sairepal-5CG5092X54" failures="0" tests="1" name="HandlingAlerts.AlertPopups" time="38.190" errors="0" timestamp="2025-07-25T17:13:16 IST" skipped="0">
  <testcase classname="HandlingAlerts.AlertPopups" name="TestPopups" time="38.190"/>
</testsuite> <!-- HandlingAlerts.AlertPopups -->
